# JRE version: Java(TM) SE Runtime Environment (9.0+11) (build 9.0.1+11)
# Java VM: Java HotSpot(TM) 64-Bit Server VM (9.0.1+11, mixed mode, tiered, compressed oops, g1 gc, windows-amd64)
Heap:
 garbage-first heap   total 245760K, used 21319K [0x0000000081800000, 0x0000000081900780, 0x0000000100000000)
  region size 1024K, 7 young (7168K), 7 survivors (7168K)
 Metaspace       used 34952K, capacity 37258K, committed 37504K, reserved 1081344K
  class space    used 4507K, capacity 4944K, committed 4992K, reserved 1048576K
GC Heap History (10 events):
Event: 0.991 GC heap after
{Heap after GC invocations=4 (full 0):
 garbage-first heap   total 131072K, used 9176K [0x0000000081800000, 0x0000000081900400, 0x0000000100000000)
  region size 1024K, 2 young (2048K), 2 survivors (2048K)
 Metaspace       used 12775K, capacity 13386K, committed 13568K, reserved 1060864K
  class space    used 1548K, capacity 1690K, committed 1792K, reserved 1048576K
}
Event: 1.090 GC heap before
{Heap before GC invocations=4 (full 0):
 garbage-first heap   total 131072K, used 29656K [0x0000000081800000, 0x0000000081900400, 0x0000000100000000)
  region size 1024K, 22 young (22528K), 2 survivors (2048K)
 Metaspace       used 15338K, capacity 16188K, committed 16512K, reserved 1062912K
  class space    used 1892K, capacity 2065K, committed 2176K, reserved 1048576K
}
Event: 1.096 GC heap after
{Heap after GC invocations=5 (full 0):
 garbage-first heap   total 157696K, used 10351K [0x0000000081800000, 0x00000000819004d0, 0x0000000100000000)
  region size 1024K, 3 young (3072K), 3 survivors (3072K)
 Metaspace       used 15338K, capacity 16188K, committed 16512K, reserved 1062912K
  class space    used 1892K, capacity 2065K, committed 2176K, reserved 1048576K
}
Event: 1.323 GC heap before
{Heap before GC invocations=5 (full 0):
 garbage-first heap   total 157696K, used 74863K [0x0000000081800000, 0x00000000819004d0, 0x0000000100000000)
  region size 1024K, 67 young (68608K), 3 survivors (3072K)
 Metaspace       used 20084K, capacity 21264K, committed 21296K, reserved 1067008K
  class space    used 2677K, capacity 2925K, committed 2944K, reserved 1048576K
}
Event: 1.334 GC heap after
{Heap after GC invocations=6 (full 0):
 garbage-first heap   total 157696K, used 13961K [0x0000000081800000, 0x00000000819004d0, 0x0000000100000000)
  region size 1024K, 6 young (6144K), 6 survivors (6144K)
 Metaspace       used 20084K, capacity 21264K, committed 21296K, reserved 1067008K
  class space    used 2677K, capacity 2925K, committed 2944K, reserved 1048576K
}
Event: 1.647 GC heap before
{Heap before GC invocations=7 (full 0):
 garbage-first heap   total 157696K, used 102025K [0x0000000081800000, 0x00000000819004d0, 0x0000000100000000)
  region size 1024K, 92 young (94208K), 6 survivors (6144K)
 Metaspace       used 23669K, capacity 25066K, committed 25216K, reserved 1071104K
  class space    used 3122K, capacity 3424K, committed 3456K, reserved 1048576K
}
Event: 1.659 GC heap after
{Heap after GC invocations=8 (full 0):
 garbage-first heap   total 157696K, used 15470K [0x0000000081800000, 0x00000000819004d0, 0x0000000100000000)
  region size 1024K, 8 young (8192K), 8 survivors (8192K)
 Metaspace       used 23669K, capacity 25066K, committed 25216K, reserved 1071104K
  class space    used 3122K, capacity 3424K, committed 3456K, reserved 1048576K
}
Event: 2.257 GC heap before
{Heap before GC invocations=9 (full 0):
 garbage-first heap   total 157696K, used 101486K [0x0000000081800000, 0x00000000819004d0, 0x0000000100000000)
  region size 1024K, 92 young (94208K), 8 survivors (8192K)
 Metaspace       used 29341K, capacity 31562K, committed 31872K, reserved 1077248K
  class space    used 3967K, capacity 4388K, committed 4480K, reserved 1048576K
}
Event: 2.274 GC heap after
{Heap after GC invocations=10 (full 0):
 garbage-first heap   total 157696K, used 20319K [0x0000000081800000, 0x00000000819004d0, 0x0000000100000000)
  region size 1024K, 10 young (10240K), 10 survivors (10240K)
 Metaspace       used 29341K, capacity 31562K, committed 31872K, reserved 1077248K
  class space    used 3967K, capacity 4388K, committed 4480K, reserved 1048576K
}
Event: 2.655 GC heap before
{Heap before GC invocations=10 (full 0):
 garbage-first heap   total 157696K, used 104287K [0x0000000081800000, 0x00000000819004d0, 0x0000000100000000)
  region size 1024K, 92 young (94208K), 10 survivors (10240K)
 Metaspace       used 34952K, capacity 37258K, committed 37504K, reserved 1081344K
  class space    used 4507K, capacity 4944K, committed 4992K, reserved 1048576K
}

