# JRE version: Java(TM) SE Runtime Environment (9.0+11) (build 9.0.1+11)
# Java VM: Java HotSpot(TM) 64-Bit Server VM (9.0.1+11, mixed mode, tiered, compressed oops, g1 gc, windows-amd64)
Heap:
 garbage-first heap   total 243712K, used 21831K [0x0000000081800000, 0x0000000081900770, 0x0000000100000000)
  region size 1024K, 7 young (7168K), 7 survivors (7168K)
 Metaspace       used 34923K, capacity 37258K, committed 37504K, reserved 1081344K
  class space    used 4502K, capacity 4944K, committed 4992K, reserved 1048576K
GC Heap History (10 events):
Event: 1.082 GC heap after
{Heap after GC invocations=4 (full 0):
 garbage-first heap   total 131072K, used 9254K [0x0000000081800000, 0x0000000081900400, 0x0000000100000000)
  region size 1024K, 2 young (2048K), 2 survivors (2048K)
 Metaspace       used 12798K, capacity 13474K, committed 13824K, reserved 1060864K
  class space    used 1552K, capacity 1694K, committed 1792K, reserved 1048576K
}
Event: 1.190 GC heap before
{Heap before GC invocations=4 (full 0):
 garbage-first heap   total 131072K, used 29734K [0x0000000081800000, 0x0000000081900400, 0x0000000100000000)
  region size 1024K, 22 young (22528K), 2 survivors (2048K)
 Metaspace       used 15352K, capacity 16204K, committed 16512K, reserved 1062912K
  class space    used 1898K, capacity 2069K, committed 2176K, reserved 1048576K
}
Event: 1.195 GC heap after
{Heap after GC invocations=5 (full 0):
 garbage-first heap   total 157696K, used 10476K [0x0000000081800000, 0x00000000819004d0, 0x0000000100000000)
  region size 1024K, 3 young (3072K), 3 survivors (3072K)
 Metaspace       used 15352K, capacity 16204K, committed 16512K, reserved 1062912K
  class space    used 1898K, capacity 2069K, committed 2176K, reserved 1048576K
}
Event: 1.416 GC heap before
{Heap before GC invocations=5 (full 0):
 garbage-first heap   total 157696K, used 74988K [0x0000000081800000, 0x00000000819004d0, 0x0000000100000000)
  region size 1024K, 67 young (68608K), 3 survivors (3072K)
 Metaspace       used 20074K, capacity 21262K, committed 21296K, reserved 1067008K
  class space    used 2663K, capacity 2924K, committed 2944K, reserved 1048576K
}
Event: 1.427 GC heap after
{Heap after GC invocations=6 (full 0):
 garbage-first heap   total 157696K, used 14255K [0x0000000081800000, 0x00000000819004d0, 0x0000000100000000)
  region size 1024K, 7 young (7168K), 7 survivors (7168K)
 Metaspace       used 20074K, capacity 21262K, committed 21296K, reserved 1067008K
  class space    used 2663K, capacity 2924K, committed 2944K, reserved 1048576K
}
Event: 1.746 GC heap before
{Heap before GC invocations=7 (full 0):
 garbage-first heap   total 157696K, used 101295K [0x0000000081800000, 0x00000000819004d0, 0x0000000100000000)
  region size 1024K, 92 young (94208K), 7 survivors (7168K)
 Metaspace       used 23662K, capacity 25054K, committed 25216K, reserved 1071104K
  class space    used 3120K, capacity 3422K, committed 3456K, reserved 1048576K
}
Event: 1.761 GC heap after
{Heap after GC invocations=8 (full 0):
 garbage-first heap   total 157696K, used 15556K [0x0000000081800000, 0x00000000819004d0, 0x0000000100000000)
  region size 1024K, 8 young (8192K), 8 survivors (8192K)
 Metaspace       used 23662K, capacity 25054K, committed 25216K, reserved 1071104K
  class space    used 3120K, capacity 3422K, committed 3456K, reserved 1048576K
}
Event: 2.372 GC heap before
{Heap before GC invocations=9 (full 0):
 garbage-first heap   total 157696K, used 101572K [0x0000000081800000, 0x00000000819004d0, 0x0000000100000000)
  region size 1024K, 92 young (94208K), 8 survivors (8192K)
 Metaspace       used 29244K, capacity 31428K, committed 31616K, reserved 1077248K
  class space    used 3959K, capacity 4387K, committed 4480K, reserved 1048576K
}
Event: 2.388 GC heap after
{Heap after GC invocations=10 (full 0):
 garbage-first heap   total 157696K, used 19871K [0x0000000081800000, 0x00000000819004d0, 0x0000000100000000)
  region size 1024K, 10 young (10240K), 10 survivors (10240K)
 Metaspace       used 29244K, capacity 31428K, committed 31616K, reserved 1077248K
  class space    used 3959K, capacity 4387K, committed 4480K, reserved 1048576K
}
Event: 2.767 GC heap before
{Heap before GC invocations=10 (full 0):
 garbage-first heap   total 157696K, used 103839K [0x0000000081800000, 0x00000000819004d0, 0x0000000100000000)
  region size 1024K, 92 young (94208K), 10 survivors (10240K)
 Metaspace       used 34923K, capacity 37258K, committed 37504K, reserved 1081344K
  class space    used 4502K, capacity 4944K, committed 4992K, reserved 1048576K
}

